<?xml version="1.0" encoding="UTF-8"?>
<!-- Generated by org.testng.reporters.JUnitXMLReporter -->
<testsuite ignored="3" hostname="WIN-46969103703" failures="0" tests="1" name="Default test" time="2.194" errors="0" timestamp="2023-04-08T14:12:50 IST">
  <testcase classname="testcases.TestCases" name="addUser" time="2.157"/>
  <testcase classname="testcases.TestCases" name="getUserswithSingleQueryParams" time="0.0">
    <ignored/>
  </testcase> <!-- getUserswithSingleQueryParams -->
  <testcase classname="testcases.TestCases" name="getUserswithMultipleQueryParams" time="0.0">
    <ignored/>
  </testcase> <!-- getUserswithMultipleQueryParams -->
  <testcase classname="testcases.TestCases" name="getUsers" time="0.0">
    <ignored/>
  </testcase> <!-- getUsers -->
</testsuite> <!-- Default test -->
