<?xml version="1.0" encoding="UTF-8"?>
<testng-results ignored="1" total="2" passed="1" failed="0" skipped="0">
  <reporter-output>
  </reporter-output>
  <suite started-at="2023-04-09T18:16:07 IST" name="Default suite" finished-at="2023-04-09T18:16:07 IST" duration-ms="55">
    <groups>
    </groups>
    <test started-at="2023-04-09T18:16:07 IST" name="Default test" finished-at="2023-04-09T18:16:07 IST" duration-ms="55">
      <class name="codingchallenges.Codes">
        <test-method signature="buildingNumberAdd()[pri:0, instance:codingchallenges.Codes@4efc180e]" started-at="2023-04-09T18:16:07 IST" name="buildingNumberAdd" finished-at="2023-04-09T18:16:07 IST" duration-ms="17" status="PASS">
          <reporter-output>
          </reporter-output>
        </test-method> <!-- buildingNumberAdd -->
      </class> <!-- codingchallenges.Codes -->
    </test> <!-- Default test -->
  </suite> <!-- Default suite -->
</testng-results>
